09:51:44:500 [ALWAYS]	GUDE Logging Started
09:51:44:500 [INFO]	SqliteResumeCache::SqliteResumeCache basedirectory is null/empty
09:51:44:500 [ERROR]	SqliteResumeCache::CreateSqliteResumeCache creating resume cache pointer failure
09:51:44:500 [ERROR]	Initialize resume cache pointer failure
09:51:44:500 [INFO]	gude policy POLICY_USER limit (2,2,1) chunk 2097152, chunking (UL 0 DL 1), resXfer 1, adapt 0, NSURL 0, timeout 86400 
09:51:44:500 [INFO]	Initialized -- gude-lib version: v0.12.1 app: gude
09:51:45:100 [WARN]	Ignoring attempt to reinit logging to \gude at level 4 retaining 3 days of logs
09:51:45:101 [INFO]	SqliteResumeCache::SqliteResumeCache basedirectory is null/empty
09:51:45:101 [ERROR]	SqliteResumeCache::CreateSqliteResumeCache creating resume cache pointer failure
09:51:45:101 [ERROR]	Initialize resume cache pointer failure
09:51:45:101 [INFO]	gude policy POLICY_USER limit (4,4,1) chunk 2097152, chunking (UL 0 DL 1), resXfer 1, adapt 0, NSURL 1, timeout 86400 
09:51:45:101 [INFO]	Initialized -- gude-lib version: v0.12.1 app: gude
10:01:44:304 [ALWAYS]	GUDE Logging Started
10:01:44:304 [INFO]	SqliteResumeCache::SqliteResumeCache basedirectory is null/empty
10:01:44:304 [ERROR]	SqliteResumeCache::CreateSqliteResumeCache creating resume cache pointer failure
10:01:44:304 [ERROR]	Initialize resume cache pointer failure
10:01:44:304 [INFO]	gude policy POLICY_USER limit (2,2,1) chunk 2097152, chunking (UL 0 DL 1), resXfer 1, adapt 0, NSURL 0, timeout 86400 
10:01:44:304 [INFO]	Initialized -- gude-lib version: v0.12.1 app: gude
10:01:44:907 [WARN]	Ignoring attempt to reinit logging to \gude at level 4 retaining 3 days of logs
10:01:44:907 [INFO]	SqliteResumeCache::SqliteResumeCache basedirectory is null/empty
10:01:44:907 [ERROR]	SqliteResumeCache::CreateSqliteResumeCache creating resume cache pointer failure
10:01:44:907 [ERROR]	Initialize resume cache pointer failure
10:01:44:907 [INFO]	gude policy POLICY_USER limit (4,4,1) chunk 2097152, chunking (UL 0 DL 1), resXfer 1, adapt 0, NSURL 1, timeout 86400 
10:01:44:907 [INFO]	Initialized -- gude-lib version: v0.12.1 app: gude
